{
  "RSpec": {
    "coverage": {
      "/Users/dodecaphonic/Dropbox/Projects/livingsocial/data-engineering/spec/models/import_summary_spec.rb": [
        1,
        null,
        1,
        1,
        2,
        null,
        null,
        null,
        3,
        null,
        1,
        1,
        null,
        null,
        1,
        1,
        null,
        null
      ],
      "/Users/dodecaphonic/Dropbox/Projects/livingsocial/data-engineering/app/models/import_summary.rb": [
        1,
        1,
        3,
        null,
        null,
        1,
        1,
        null,
        1,
        2,
        null,
        null,
        1,
        2,
        null,
        null
      ],
      "/Users/dodecaphonic/Dropbox/Projects/livingsocial/data-engineering/spec/models/item_spec.rb": [
        1,
        null,
        1,
        2,
        2,
        2,
        2,
        null
      ],
      "/Users/dodecaphonic/Dropbox/Projects/livingsocial/data-engineering/spec/rails_helper.rb": [
        null,
        1,
        1,
        1,
        1,
        1,
        null,
        null,
        null,
        null,
        null,
        null,
        null,
        null,
        1,
        null,
        null,
        null,
        1,
        null,
        1,
        null,
        1,
        null,
        null,
        null,
        null,
        1,
        null,
        null,
        null,
        null,
        null,
        null,
        null,
        null,
        null,
        null,
        null,
        null,
        null,
        null,
        1,
        null
      ],
      "/Users/dodecaphonic/Dropbox/Projects/livingsocial/data-engineering/app/helpers/application_helper.rb": [
        1,
        null
      ],
      "/Users/dodecaphonic/Dropbox/Projects/livingsocial/data-engineering/app/models/item.rb": [
        1,
        1,
        1,
        null,
        1,
        1,
        null
      ],
      "/Users/dodecaphonic/Dropbox/Projects/livingsocial/data-engineering/spec/models/merchant_spec.rb": [
        1,
        null,
        1,
        2,
        2,
        2,
        2,
        null
      ],
      "/Users/dodecaphonic/Dropbox/Projects/livingsocial/data-engineering/app/models/merchant.rb": [
        1,
        1,
        1,
        null,
        1,
        null
      ],
      "/Users/dodecaphonic/Dropbox/Projects/livingsocial/data-engineering/spec/models/purchase_spec.rb": [
        1,
        null,
        1,
        2,
        2,
        null
      ],
      "/Users/dodecaphonic/Dropbox/Projects/livingsocial/data-engineering/app/models/purchase.rb": [
        1,
        1,
        1,
        null,
        1,
        1,
        null,
        1,
        4,
        null,
        null
      ],
      "/Users/dodecaphonic/Dropbox/Projects/livingsocial/data-engineering/spec/models/purchaser_spec.rb": [
        1,
        null,
        1,
        2,
        null
      ],
      "/Users/dodecaphonic/Dropbox/Projects/livingsocial/data-engineering/app/models/purchaser.rb": [
        1,
        1,
        1,
        null
      ],
      "/Users/dodecaphonic/Dropbox/Projects/livingsocial/data-engineering/spec/models/transaction_spec.rb": [
        1,
        null,
        1,
        1,
        null,
        null,
        null,
        null,
        null,
        null,
        null,
        2,
        null,
        null,
        1,
        1,
        1,
        1,
        1,
        1,
        1,
        1,
        null,
        null,
        1,
        1,
        6,
        42,
        6,
        null,
        null,
        null,
        null
      ],
      "/Users/dodecaphonic/Dropbox/Projects/livingsocial/data-engineering/app/models/transaction.rb": [
        null,
        1,
        null,
        null,
        null,
        null,
        1,
        11,
        10,
        9,
        8,
        7,
        6,
        null,
        null,
        1,
        null,
        null
      ],
      "/Users/dodecaphonic/Dropbox/Projects/livingsocial/data-engineering/spec/services/transaction_importer_spec.rb": [
        1,
        null,
        1,
        2,
        null,
        2,
        null,
        1,
        1,
        1,
        1,
        null,
        1,
        1,
        1,
        1,
        null,
        null
      ],
      "/Users/dodecaphonic/Dropbox/Projects/livingsocial/data-engineering/app/services/transaction_importer.rb": [
        1,
        null,
        1,
        1,
        1,
        null,
        null,
        1,
        1,
        null,
        1,
        1,
        1,
        4,
        null,
        null,
        1,
        null,
        null,
        null,
        1,
        4,
        4,
        null,
        4,
        null,
        null,
        4,
        null,
        null,
        null
      ]
    },
    "timestamp": 1403444812
  }
}
